2018-10-19T15:39:48+00:00 CRITICAL Maximum execution time of 30 seconds exceeded

2018-10-19T15:56:02+00:00 CRITICAL Maximum execution time of 30 seconds exceeded

2018-10-19T16:16:12+00:00 CRITICAL Maximum execution time of 30 seconds exceeded

2018-10-19T16:16:12+00:00 CRITICAL Maximum execution time of 30 seconds exceeded

2018-10-19T16:16:12+00:00 CRITICAL Maximum execution time of 30 seconds exceeded

2018-10-19T16:18:37+00:00 CRITICAL Uncaught ArgumentCountError: Too few arguments to function wpdb::prepare(), 1 passed in C:\xampp\htdocs\damian\wp-content\plugins\hide-title\uninstall.php on line 5 and exactly 2 expected in C:\xampp\htdocs\damian\wp-includes\wp-db.php:1222
Stack trace:
#0 C:\xampp\htdocs\damian\wp-content\plugins\hide-title\uninstall.php(5): wpdb->prepare('DELETE FROM wp_...')
#1 C:\xampp\htdocs\damian\wp-admin\includes\plugin.php(1018): include('C:\\xampp\\htdocs...')
#2 C:\xampp\htdocs\damian\wp-admin\includes\plugin.php(831): uninstall_plugin('hide-title/dojo...')
#3 C:\xampp\htdocs\damian\wp-admin\includes\ajax-actions.php(3912): delete_plugins(Array)
#4 C:\xampp\htdocs\damian\wp-includes\class-wp-hook.php(286): wp_ajax_delete_plugin('')
#5 C:\xampp\htdocs\damian\wp-includes\class-wp-hook.php(310): WP_Hook->apply_filters('', Array)
#6 C:\xampp\htdocs\damian\wp-includes\plugin.php(453): WP_Hook->do_action(Array)
#7 C:\xampp\htdocs\damian\wp-admin\admin-ajax.php(100): do_action('wp_ajax_delete-...')
#8 {main}
  thrown

2018-10-19T16:24:12+00:00 CRITICAL Maximum execution time of 30 seconds exceeded

2018-10-19T16:24:12+00:00 CRITICAL Maximum execution time of 30 seconds exceeded

2018-10-19T16:26:33+00:00 CRITICAL Maximum execution time of 30 seconds exceeded

2018-10-19T16:26:33+00:00 CRITICAL Maximum execution time of 30 seconds exceeded

